SF:lib/data/api_client.dart
DA:6,0
DA:8,0
DA:12,0
DA:17,0
DA:20,0
DA:24,0
DA:25,0
LF:7
LH:0
end_of_record
SF:lib/data/services/weather_service.dart
DA:15,1
DA:17,0
DA:19,0
DA:22,1
DA:28,2
DA:29,2
DA:30,1
DA:35,1
DA:39,2
DA:40,1
DA:41,2
DA:43,2
DA:44,1
DA:45,1
DA:49,1
DA:50,2
DA:52,2
DA:57,1
DA:62,1
DA:68,1
DA:69,2
DA:70,4
LF:22
LH:20
end_of_record
SF:lib/data/models/weather_forecast.dart
DA:18,1
DA:19,1
DA:34,0
DA:35,0
DA:63,1
DA:64,1
DA:78,4
DA:80,0
DA:82,1
DA:83,1
DA:95,1
DA:96,1
DA:108,1
DA:109,1
LF:14
LH:11
end_of_record
SF:lib/data/models/weather_forecast.g.dart
DA:9,1
DA:11,1
DA:12,2
DA:13,2
DA:14,1
DA:15,2
DA:16,1
DA:18,0
DA:19,1
DA:20,3
DA:21,1
DA:24,0
DA:26,0
DA:27,0
DA:28,0
DA:29,0
DA:30,0
DA:31,0
DA:32,0
DA:35,0
DA:36,0
DA:37,0
DA:38,0
DA:39,0
DA:40,0
DA:41,0
DA:42,0
DA:43,0
DA:44,0
DA:45,0
DA:48,0
DA:50,0
DA:51,0
DA:52,0
DA:53,0
DA:54,0
DA:55,0
DA:56,0
DA:57,0
DA:60,1
DA:61,1
DA:62,2
DA:63,2
DA:64,2
DA:65,1
DA:66,1
DA:67,1
DA:68,1
DA:69,2
DA:70,1
DA:72,2
DA:73,2
DA:74,2
DA:75,2
DA:76,2
DA:77,2
DA:78,1
DA:79,1
DA:80,3
DA:81,1
DA:82,2
DA:83,2
DA:84,1
DA:85,2
DA:88,0
DA:89,0
DA:90,0
DA:91,0
DA:92,0
DA:93,0
DA:94,0
DA:95,0
DA:96,0
DA:97,0
DA:98,0
DA:99,0
DA:100,0
DA:101,0
DA:102,0
DA:103,0
DA:104,0
DA:105,0
DA:106,0
DA:107,0
DA:108,0
DA:109,0
DA:112,1
DA:113,1
DA:114,2
DA:115,2
DA:116,2
DA:117,2
DA:118,2
DA:119,2
DA:122,0
DA:123,0
DA:124,0
DA:125,0
DA:126,0
DA:127,0
DA:128,0
DA:129,0
DA:132,1
DA:133,1
DA:134,2
DA:135,2
DA:136,2
DA:137,2
DA:140,0
DA:141,0
DA:142,0
DA:143,0
DA:144,0
DA:145,0
DA:148,1
DA:150,1
DA:151,2
DA:152,1
DA:153,1
DA:154,1
DA:157,0
DA:159,0
DA:160,0
DA:161,0
DA:162,0
DA:163,0
LF:126
LH:55
end_of_record
SF:lib/data/exception/DataException.dart
DA:15,6
DA:22,2
DA:24,8
DA:25,6
DA:26,4
DA:31,0
LF:6
LH:5
end_of_record
SF:lib/data/exception/DataException.g.dart
DA:9,0
DA:10,0
DA:11,0
DA:12,0
DA:13,0
DA:14,0
DA:15,0
DA:17,0
DA:18,0
DA:20,0
DA:21,0
DA:22,0
DA:23,0
DA:24,0
DA:25,0
DA:26,0
DA:27,0
DA:28,0
LF:18
LH:0
end_of_record
SF:lib/core/base/bloc/base_bloc.dart
DA:8,4
LF:1
LH:1
end_of_record
SF:lib/core/base/bloc/base_bloc_state.dart
DA:11,16
DA:15,0
DA:16,0
LF:3
LH:1
end_of_record
SF:lib/core/base/bloc/loading_state.dart
DA:11,17
DA:18,2
DA:20,8
DA:24,0
DA:29,2
DA:38,0
DA:47,2
DA:48,2
DA:55,0
DA:61,0
DA:62,0
DA:63,0
DA:64,0
DA:68,1
DA:69,1
DA:70,1
DA:71,1
DA:72,1
DA:84,0
DA:93,0
DA:101,0
DA:102,0
DA:104,0
DA:105,0
DA:106,0
DA:107,0
DA:111,0
DA:112,0
DA:121,0
DA:122,0
DA:123,0
DA:124,0
DA:125,0
DA:126,0
DA:127,0
DA:128,0
LF:36
LH:11
end_of_record
SF:lib/core/error/AppError.dart
DA:14,1
DA:23,2
DA:25,14
DA:27,0
DA:28,0
DA:29,0
DA:30,0
DA:31,0
DA:34,2
DA:35,4
DA:36,4
DA:37,4
DA:38,4
LF:13
LH:8
end_of_record
SF:lib/core/base/loading/bloc_loading_coordinator.dart
DA:8,0
DA:11,0
DA:15,0
DA:20,0
DA:21,0
DA:26,0
DA:27,0
DA:30,0
DA:32,0
DA:37,0
DA:42,0
DA:43,0
DA:44,0
DA:54,0
DA:55,0
DA:59,0
DA:60,0
LF:17
LH:0
end_of_record
SF:lib/core/services/loading_manager.dart
DA:17,0
DA:19,1
DA:21,0
DA:23,0
DA:24,0
DA:25,0
DA:26,0
DA:28,0
DA:31,0
DA:32,0
DA:33,0
DA:34,0
DA:35,0
DA:36,0
DA:41,0
DA:42,0
DA:43,0
DA:44,0
DA:47,0
DA:48,0
DA:50,0
DA:54,1
DA:55,1
DA:56,1
DA:57,2
DA:61,0
DA:62,0
DA:65,0
DA:66,0
DA:68,0
DA:71,0
DA:72,0
DA:75,0
DA:78,0
DA:79,0
DA:81,0
DA:84,0
DA:85,0
DA:89,0
DA:90,0
DA:92,0
DA:95,0
DA:110,0
DA:113,1
DA:114,1
DA:115,1
LF:46
LH:8
end_of_record
SF:lib/core/base/screen/multi_bloc_base_screen.dart
DA:11,0
DA:28,0
DA:33,0
DA:35,0
DA:36,0
DA:39,0
DA:40,0
DA:44,0
DA:46,0
DA:47,0
DA:48,0
DA:49,0
DA:51,0
DA:53,0
DA:54,0
DA:55,0
DA:56,0
DA:57,0
DA:67,0
DA:69,0
DA:71,0
DA:75,0
DA:77,0
DA:78,0
DA:79,0
DA:80,0
DA:84,0
DA:86,0
DA:87,0
DA:92,0
DA:93,0
DA:95,0
DA:96,0
DA:97,0
DA:98,0
DA:106,0
DA:115,0
DA:117,0
DA:120,0
DA:122,0
DA:123,0
DA:124,0
DA:125,0
DA:128,0
DA:129,0
DA:132,0
DA:133,0
DA:135,0
DA:139,0
DA:145,0
DA:149,0
DA:150,0
DA:151,0
DA:152,0
DA:154,0
DA:157,0
DA:158,0
DA:161,0
DA:162,0
DA:164,0
DA:168,0
LF:61
LH:0
end_of_record
SF:lib/core/dependency_injection/service_locator.dart
DA:18,6
DA:19,0
DA:23,0
DA:32,0
DA:33,0
DA:36,0
DA:37,0
DA:38,0
DA:42,0
DA:43,0
DA:46,0
DA:47,0
DA:48,0
DA:52,0
DA:53,0
DA:55,0
DA:59,0
DA:61,0
DA:68,0
DA:70,0
DA:71,0
DA:75,0
DA:77,0
DA:78,0
DA:79,0
DA:80,0
DA:88,0
DA:89,0
DA:93,0
DA:94,0
DA:95,0
DA:99,0
DA:100,0
DA:101,0
DA:105,0
DA:106,0
DA:107,0
DA:112,0
DA:113,0
DA:114,0
DA:119,0
DA:125,0
DA:133,0
DA:137,0
DA:141,0
DA:142,0
DA:145,0
DA:146,0
DA:147,0
DA:148,0
DA:154,0
DA:155,0
DA:161,0
LF:53
LH:1
end_of_record
SF:lib/core/widgets/error_screen.dart
DA:7,0
DA:10,0
DA:12,0
DA:14,0
DA:15,0
DA:17,0
DA:18,0
DA:20,0
DA:32,0
DA:33,0
DA:34,0
DA:40,0
DA:41,0
LF:13
LH:0
end_of_record
SF:lib/data/repositories/weather_repository.dart
DA:11,1
DA:14,1
DA:20,3
DA:27,1
DA:33,3
LF:5
LH:5
end_of_record
SF:lib/data/repositories/location_repository.dart
DA:12,1
DA:15,1
DA:17,3
DA:20,1
DA:22,3
LF:5
LH:5
end_of_record
SF:lib/features/weather/bloc/weather_bloc.dart
DA:19,2
DA:20,2
DA:23,1
DA:28,3
DA:29,1
DA:30,2
DA:34,2
DA:35,1
DA:36,1
DA:37,1
DA:41,1
DA:43,1
DA:44,3
DA:46,2
DA:47,2
DA:51,1
DA:52,1
DA:55,3
DA:57,3
DA:58,1
DA:65,2
DA:69,3
DA:72,3
DA:73,2
DA:74,2
DA:80,1
DA:82,2
LF:27
LH:27
end_of_record
SF:lib/features/location/bloc/location_bloc.dart
DA:20,2
DA:21,2
DA:22,2
DA:23,2
DA:24,2
DA:25,2
DA:28,1
DA:32,3
DA:33,1
DA:34,2
DA:38,2
DA:40,1
DA:42,1
DA:43,3
DA:45,2
DA:46,2
DA:50,1
DA:51,3
DA:52,1
DA:59,2
DA:63,0
DA:64,0
DA:65,0
DA:70,1
DA:75,3
DA:76,1
DA:77,1
DA:78,2
DA:83,3
DA:84,1
DA:87,2
DA:88,3
DA:91,2
DA:92,2
DA:93,1
DA:94,1
DA:95,3
DA:96,0
DA:97,0
DA:98,0
DA:99,0
DA:100,0
DA:101,0
DA:102,0
DA:103,0
DA:104,1
DA:108,3
DA:110,1
DA:115,2
DA:119,3
DA:120,1
DA:121,1
DA:123,2
DA:128,0
DA:129,0
DA:130,0
DA:132,0
DA:137,1
DA:141,3
DA:142,1
DA:145,2
DA:149,1
DA:153,3
DA:154,1
DA:155,2
DA:159,1
DA:160,3
DA:161,2
DA:166,1
DA:170,3
DA:171,1
DA:172,2
DA:176,3
DA:178,1
DA:180,1
DA:181,3
DA:182,1
DA:183,1
DA:185,2
DA:187,3
DA:190,1
DA:191,3
DA:192,1
DA:198,2
DA:202,0
DA:203,0
DA:204,0
DA:206,0
DA:211,1
DA:212,2
DA:216,0
DA:217,0
DA:220,1
DA:221,2
DA:224,1
DA:225,2
DA:228,1
DA:231,2
DA:235,0
DA:236,0
DA:237,0
DA:238,0
LF:102
LH:77
end_of_record
SF:lib/data/service_manager.dart
DA:10,0
DA:12,0
DA:14,0
DA:20,0
DA:23,0
DA:27,0
DA:28,0
DA:29,0
DA:30,0
DA:34,0
DA:35,0
DA:36,0
DA:37,0
DA:41,0
DA:46,0
DA:51,0
DA:55,0
DA:56,0
DA:58,0
DA:59,0
DA:60,0
DA:61,0
DA:65,0
DA:70,0
DA:74,0
DA:75,0
DA:77,0
DA:78,0
DA:79,0
DA:80,0
DA:84,0
DA:89,0
DA:93,0
DA:94,0
DA:95,0
LF:35
LH:0
end_of_record
SF:lib/core/services/firebase_manager.dart
DA:8,0
DA:11,0
DA:14,0
DA:15,0
DA:18,0
DA:20,0
DA:21,0
DA:22,0
DA:23,0
DA:27,0
DA:28,0
DA:32,0
DA:33,0
DA:37,0
DA:38,0
DA:44,0
DA:51,0
DA:53,0
DA:54,0
DA:58,0
DA:59,0
DA:61,0
DA:62,0
DA:64,0
DA:68,0
DA:69,0
DA:72,0
DA:73,0
DA:76,0
DA:77,0
DA:80,0
DA:85,0
DA:88,0
DA:90,0
DA:92,0
DA:93,0
DA:94,0
DA:100,0
DA:101,0
DA:104,0
DA:105,0
DA:107,0
DA:112,0
DA:113,0
DA:115,0
DA:116,0
LF:46
LH:0
end_of_record
SF:lib/core/services/secure_storage.dart
DA:11,0
DA:12,0
DA:15,0
DA:16,0
DA:20,0
DA:21,0
DA:24,0
DA:25,0
DA:29,0
DA:30,0
DA:33,0
DA:34,0
DA:38,0
DA:39,0
LF:14
LH:0
end_of_record
SF:lib/core/services/network_checker.dart
DA:10,0
DA:12,0
DA:14,0
DA:15,0
DA:18,0
DA:19,0
DA:20,0
DA:21,0
DA:22,0
DA:23,0
DA:25,0
DA:29,0
DA:30,0
DA:31,0
DA:35,0
DA:41,0
DA:42,0
DA:43,0
DA:51,0
DA:52,0
LF:20
LH:0
end_of_record
SF:lib/routes/app_routes.dart
DA:9,0
DA:14,0
DA:16,0
DA:17,0
DA:18,0
DA:20,0
DA:23,0
DA:24,0
DA:26,0
DA:31,0
DA:33,0
DA:34,0
LF:12
LH:0
end_of_record
SF:lib/core/error/error_handler.dart
DA:22,2
DA:23,2
DA:26,2
DA:32,2
DA:34,2
DA:35,0
DA:43,2
DA:44,0
DA:52,2
DA:53,0
DA:57,0
DA:61,4
DA:62,0
DA:66,0
DA:70,2
DA:71,2
DA:74,0
DA:75,0
DA:78,0
DA:79,0
DA:81,0
DA:86,0
DA:87,0
DA:88,0
DA:92,0
DA:96,0
DA:97,0
DA:98,0
DA:99,0
DA:100,0
DA:104,0
DA:108,0
DA:109,0
DA:110,0
DA:112,0
DA:114,0
DA:119,0
DA:121,0
DA:128,0
DA:129,0
DA:130,0
DA:131,0
DA:133,0
DA:134,0
DA:135,0
DA:136,0
DA:138,0
DA:139,0
DA:141,0
DA:142,0
DA:144,0
DA:145,0
DA:146,0
DA:148,0
DA:149,0
DA:150,0
DA:152,0
DA:153,0
DA:161,2
DA:166,8
DA:167,6
DA:168,4
DA:172,0
DA:174,0
DA:176,0
DA:178,0
DA:180,0
DA:182,0
DA:184,0
DA:186,0
LF:70
LH:14
end_of_record
SF:lib/firebase_options.dart
DA:8,0
DA:13,0
DA:14,0
DA:16,0
DA:18,0
DA:20,0
DA:21,0
DA:25,0
DA:26,0
DA:31,0
LF:10
LH:0
end_of_record
SF:lib/core/widgets/full_screen_loading.dart
DA:5,5
DA:7,0
DA:9,0
DA:11,0
DA:23,10
DA:25,0
DA:26,0
DA:33,0
DA:35,0
DA:36,0
DA:39,0
DA:42,0
DA:44,0
DA:45,0
DA:48,0
DA:50,0
DA:51,0
DA:52,0
DA:53,0
DA:54,0
LF:20
LH:2
end_of_record
SF:lib/core/theme/app_text_styles.dart
DA:7,0
DA:15,0
DA:23,0
DA:31,0
DA:39,0
DA:46,0
LF:6
LH:0
end_of_record
SF:lib/core/theme/app_theme.dart
DA:6,0
DA:7,0
DA:9,0
DA:20,0
DA:21,0
DA:22,0
DA:23,0
DA:24,0
DA:25,0
DA:29,0
DA:36,0
DA:39,0
DA:40,0
DA:46,0
DA:48,0
LF:15
LH:0
end_of_record
SF:lib/core/utils/logger.dart
DA:4,0
DA:7,0
DA:8,0
DA:11,0
DA:12,0
DA:13,0
DA:24,0
DA:25,0
DA:28,0
DA:29,0
DA:32,0
DA:33,0
DA:36,0
DA:37,0
DA:40,0
DA:41,0
DA:44,0
DA:45,0
LF:18
LH:0
end_of_record
SF:lib/data/interceptors/location_interceptor.dart
DA:4,0
DA:7,0
DA:10,0
DA:13,0
DA:16,0
DA:19,0
LF:6
LH:0
end_of_record
SF:lib/data/interceptors/logging_interceptor.dart
DA:5,0
DA:7,0
DA:9,0
DA:10,0
DA:11,0
DA:14,0
DA:16,0
DA:17,0
DA:19,0
DA:20,0
DA:23,0
DA:25,0
DA:26,0
DA:27,0
DA:28,0
DA:30,0
LF:16
LH:0
end_of_record
SF:lib/data/interceptors/weather_interceptor.dart
DA:4,0
DA:7,0
DA:10,0
DA:13,0
DA:16,0
DA:19,0
LF:6
LH:0
end_of_record
SF:lib/data/models/country.dart
DA:34,1
DA:35,1
LF:2
LH:2
end_of_record
SF:lib/data/models/country.g.dart
DA:9,1
DA:10,1
DA:11,2
DA:12,1
DA:13,1
DA:14,1
DA:15,1
DA:16,1
DA:17,1
DA:18,1
DA:19,1
DA:20,1
DA:21,1
DA:22,1
DA:23,1
DA:24,1
DA:25,1
DA:26,1
DA:27,1
DA:28,1
DA:29,1
DA:30,1
DA:31,1
DA:32,1
DA:33,1
DA:36,0
DA:37,0
DA:38,0
DA:39,0
DA:40,0
DA:41,0
DA:42,0
DA:43,0
DA:44,0
DA:45,0
DA:46,0
DA:47,0
DA:48,0
DA:49,0
DA:50,0
DA:51,0
DA:52,0
DA:53,0
DA:54,0
DA:55,0
DA:56,0
DA:57,0
DA:58,0
DA:59,0
DA:60,0
LF:50
LH:25
end_of_record
SF:lib/data/models/city.dart
DA:19,0
LF:1
LH:0
end_of_record
SF:lib/data/models/city.g.dart
DA:9,0
DA:10,0
DA:11,0
DA:12,0
DA:13,0
DA:14,0
DA:15,0
DA:16,0
DA:17,0
DA:20,0
DA:21,0
DA:22,0
DA:23,0
DA:24,0
DA:25,0
DA:26,0
DA:27,0
DA:28,0
DA:29,0
LF:19
LH:0
end_of_record
SF:lib/data/models/state.dart
DA:19,0
LF:1
LH:0
end_of_record
SF:lib/data/models/state.g.dart
DA:9,0
DA:10,0
DA:11,0
DA:12,0
DA:13,0
DA:14,0
DA:15,0
DA:16,0
DA:17,0
DA:20,0
DA:21,0
DA:22,0
DA:23,0
DA:24,0
DA:25,0
DA:26,0
DA:27,0
DA:28,0
DA:29,0
LF:19
LH:0
end_of_record
SF:lib/data/services/location_service.dart
DA:17,1
DA:19,0
DA:21,0
DA:23,2
DA:24,1
DA:29,1
DA:31,2
DA:32,2
DA:33,1
DA:36,2
DA:37,1
DA:38,4
DA:39,1
DA:41,2
DA:42,1
DA:43,1
DA:47,1
DA:48,2
DA:50,2
DA:55,1
DA:57,2
DA:58,2
DA:59,1
DA:62,2
DA:63,1
DA:64,2
DA:66,2
DA:67,1
DA:68,1
DA:72,1
DA:73,2
DA:75,2
LF:32
LH:30
end_of_record
SF:lib/core/utils/network_error_handler.dart
DA:7,2
DA:8,2
DA:9,2
DA:10,2
DA:15,1
DA:16,0
DA:21,1
DA:22,0
DA:27,1
DA:28,1
DA:29,1
DA:31,1
DA:32,0
DA:35,0
DA:38,1
DA:39,0
DA:42,0
DA:45,1
DA:46,0
DA:49,0
DA:52,0
DA:53,0
DA:55,0
DA:56,0
DA:60,1
DA:63,1
DA:64,0
DA:67,0
DA:68,0
DA:73,0
DA:74,0
DA:80,0
DA:82,0
DA:89,2
DA:93,2
DA:95,2
DA:96,2
DA:102,2
DA:103,2
DA:105,2
LF:40
LH:21
end_of_record
SF:lib/features/location/bloc/location_event.dart
DA:14,1
DA:20,1
DA:26,1
DA:32,1
LF:4
LH:4
end_of_record
SF:lib/features/location/bloc/location_state.dart
DA:19,7
DA:32,1
DA:48,1
DA:49,0
DA:51,1
DA:52,1
DA:54,1
DA:55,1
DA:56,1
DA:57,1
DA:58,1
DA:60,1
DA:61,1
DA:62,1
DA:66,1
DA:67,1
DA:68,1
DA:69,1
DA:70,1
DA:71,1
DA:72,1
DA:73,1
DA:74,1
DA:85,1
DA:96,1
DA:97,1
DA:100,0
DA:101,0
DA:102,0
DA:104,0
DA:105,0
DA:107,0
DA:108,0
LF:33
LH:25
end_of_record
SF:lib/features/location/pages/home_page.dart
DA:13,5
DA:15,0
DA:16,0
DA:28,0
DA:30,0
DA:33,0
DA:38,0
DA:39,0
DA:40,0
DA:46,0
DA:49,0
DA:52,0
DA:53,0
DA:56,0
DA:57,0
DA:59,0
DA:64,0
DA:66,0
DA:67,0
DA:68,0
DA:69,0
DA:70,0
DA:71,0
DA:74,0
DA:76,0
DA:77,0
DA:78,0
DA:79,0
DA:83,0
DA:85,0
DA:90,0
DA:92,0
DA:95,0
DA:97,0
DA:99,0
DA:100,0
DA:101,0
DA:102,0
DA:103,0
DA:104,0
DA:111,0
DA:112,0
DA:113,0
DA:114,0
DA:115,0
DA:116,0
DA:117,0
DA:118,0
DA:119,0
DA:120,0
DA:130,0
DA:131,0
DA:133,0
DA:134,0
DA:135,0
DA:136,0
DA:137,0
DA:138,0
DA:140,0
DA:142,0
DA:143,0
DA:144,0
LF:62
LH:1
end_of_record
SF:lib/features/location/widgets/country_list_widget.dart
DA:13,5
DA:15,0
DA:17,0
DA:18,0
DA:19,0
DA:20,0
DA:22,0
DA:31,0
DA:32,0
DA:33,0
DA:34,0
DA:35,0
DA:43,0
DA:44,0
DA:45,0
DA:47,0
DA:52,0
DA:58,0
DA:59,0
DA:60,0
DA:61,0
DA:62,0
DA:64,0
DA:65,0
DA:67,0
DA:68,0
DA:69,0
DA:72,0
DA:73,0
DA:74,0
DA:75,0
DA:76,0
DA:77,0
DA:84,0
DA:99,0
DA:100,0
DA:103,0
DA:104,0
DA:105,0
DA:107,0
DA:108,0
DA:109,0
DA:117,0
DA:118,0
DA:119,0
DA:120,0
DA:121,0
DA:123,0
DA:128,0
DA:129,0
DA:132,0
DA:133,0
DA:136,0
DA:138,0
DA:145,0
DA:146,0
DA:147,0
DA:158,0
DA:165,0
DA:166,0
DA:168,0
DA:169,0
DA:172,0
DA:173,0
DA:174,0
DA:175,0
DA:176,0
DA:181,0
DA:183,0
DA:184,0
DA:185,0
DA:189,0
DA:190,0
DA:195,0
DA:196,0
DA:198,0
DA:199,0
DA:200,0
DA:201,0
DA:203,0
DA:204,0
DA:205,0
DA:206,0
LF:83
LH:1
end_of_record
SF:lib/features/location/widgets/search_field_widget.dart
DA:11,0
DA:18,0
DA:20,0
DA:21,0
DA:25,0
DA:27,0
DA:28,0
DA:31,0
DA:33,0
DA:34,0
DA:37,0
DA:38,0
DA:41,0
DA:43,0
DA:44,0
DA:45,0
DA:46,0
DA:47,0
DA:48,0
DA:49,0
DA:50,0
DA:58,0
DA:59,0
DA:64,0
DA:65,0
DA:66,0
DA:72,0
DA:73,0
LF:28
LH:0
end_of_record
SF:lib/features/weather/bloc/weather_event.dart
DA:10,1
LF:1
LH:1
end_of_record
SF:lib/features/weather/bloc/weather_state.dart
DA:10,7
DA:17,1
DA:24,1
DA:25,0
DA:26,0
DA:27,1
DA:28,1
DA:32,1
DA:33,1
DA:34,1
DA:35,1
DA:36,1
DA:37,1
DA:38,1
DA:40,1
DA:48,1
DA:54,0
DA:56,0
DA:58,0
DA:59,0
DA:61,0
DA:62,0
LF:22
LH:14
end_of_record
SF:lib/features/weather/pages/weather_page.dart
DA:19,0
DA:21,0
DA:23,0
DA:24,0
DA:34,0
DA:36,0
DA:39,0
DA:44,0
DA:49,0
DA:50,0
DA:53,0
DA:55,0
DA:56,0
DA:57,0
DA:60,0
DA:62,0
DA:63,0
DA:64,0
DA:68,0
DA:70,0
DA:71,0
DA:72,0
DA:73,0
DA:77,0
DA:79,0
DA:82,0
DA:84,0
DA:85,0
DA:88,0
DA:89,0
DA:90,0
DA:92,0
DA:96,0
DA:97,0
DA:99,0
DA:100,0
DA:101,0
DA:102,0
DA:103,0
DA:104,0
DA:109,0
DA:112,0
DA:113,0
DA:114,0
DA:115,0
DA:118,0
DA:119,0
DA:120,0
DA:121,0
DA:122,0
DA:123,0
DA:124,0
DA:125,0
DA:132,0
DA:135,0
DA:136,0
DA:138,0
DA:140,0
DA:141,0
DA:145,0
DA:147,0
DA:149,0
DA:152,0
DA:153,0
DA:154,0
DA:156,0
DA:159,0
DA:160,0
DA:162,0
DA:170,0
DA:172,0
DA:173,0
DA:174,0
DA:175,0
DA:178,0
DA:179,0
DA:182,0
DA:187,0
DA:189,0
DA:190,0
DA:191,0
DA:192,0
DA:195,0
DA:196,0
DA:199,0
DA:204,0
DA:206,0
DA:207,0
DA:208,0
DA:209,0
DA:210,0
DA:211,0
DA:212,0
DA:213,0
DA:214,0
DA:215,0
DA:216,0
DA:217,0
DA:219,0
DA:226,0
DA:228,0
DA:230,0
DA:239,0
DA:242,0
DA:244,0
DA:245,0
DA:247,0
DA:248,0
DA:252,0
DA:253,0
DA:254,0
DA:255,0
DA:258,0
DA:265,0
DA:266,0
DA:269,0
DA:274,0
DA:276,0
DA:278,0
DA:280,0
DA:281,0
DA:282,0
LF:122
LH:0
end_of_record
SF:lib/data/exception/BaseApiErrorResponse.dart
DA:13,0
LF:1
LH:0
end_of_record
SF:lib/data/exception/BaseApiErrorResponse.g.dart
DA:9,0
DA:11,0
DA:12,0
DA:13,0
DA:14,0
DA:16,0
DA:18,0
DA:19,0
DA:20,0
DA:21,0
LF:10
LH:0
end_of_record
